Generation started...
    Level1 generated...                 (0.873s)
    Level2 generated...                 (0.414s)
    Level4 generated...                 (0.28s)
Generation completed...                 (1.568s)

>>> Level level1:

...............................................
...............................................
...............................................
...........................#########...........
.....##########............#.......#...........
p....#........#.......######.......#...........
######........#.......#............#..........e
..............#########............############
...............................................
...............................................

>>> Level level2:

...................e
...............#####
....................
....................
............###.....
p...................
#####...............
.....#######........
....................
....................

>>> Level level4:

..............
..............
.............e
.....#########
..............
p.............
#####.........
..............
..............
..............


Generation started...
    Level1 generated...                 (1.832s)
    Level2 generated...                 (1.849s)
    Level4 generated...                 (1.581s)
Generation completed...                 (5.263s)

>>> Level level1:

................................................................
................................................................
................................................................
................................................................
................................................................
................................................................
......###############...........................................
p.....#.............#...........................................
#######.............#.................###############...........
....................#.................#.............#...........
....................#..............####.............#...........
....................#..............#................#..........e
....................################................############
................................................................
................................................................

>>> Level level2:

.....................
.....................
.....................
.....................
.....................
....................e
...................##
p....................
#########............
.................##..
.....................
.....................
.........########....
.....................
.....................

>>> Level level4:

...................
..................e
.......############
...................
...................
...................
...................
p..................
#######............
...................
...................
...................
...................
...................
...................

Generation started...
    Level1 generated...                 (3.586s)
    Level2 generated...                 (8.42s)
    Level4 generated...                 (13.752s)
Generation completed...                 (25.758s)

>>> Level level1:

.....................................................................................
.....................................................................................
.....................................................................................
.....................................................................................
.....................................................................................
.....................................................................................
.....................................................................................
.....................................................................................
.....................................................................................
.........####################........................................................
p........#..................#........................................................
##########..................#........................................................
............................#........................................................
............................#........................###################.............
............................#........................#.................#.............
............................#.................########.................#.............
............................#.................#........................#............e
............................###################........................##############
.....................................................................................
.....................................................................................

>>> Level level2:

..........................
..........................
..........................
..........................
..........................
..........................
..........................
..........................
..........................
..........................
p........................e
##########.............###
..........................
..........................
......................#...
..........................
..........................
..........############....
..........................
..........................

>>> Level level4:

.......................e
........################
........................
........................
........................
........................
........................
........................
........................
........................
p.......................
########................
........................
........................
........................
........................
........................
........................
........................
........................

