>>> Level modifiedlevel1:
Modifiedlevel1 generated...                 (1.08s)
.............................................
...........................##########........
.........................###........#........
................##########..........#........
...#####........#...................#........
p...#..####.....#...................#........
#####.....#.....#...................#........
..........#.....#...................#........
..........#.....#...................#........
..........#######...................#........
....................................#........
....................................#........
....................................#........
....................................#........
....................................#........
....................................#........
....................................#........
....................................#........
....................................#........
....................................#........
....................................#........
....................................#.......e
....................................#########
.............................................
.............................................
.............................................
.............................................
.............................................
.............................................
.............................................

>>> Level modifiedlevel1:
Modifiedlevel1 generated...                 (1.385s)
...............................................
.....##.....................###########........
.....##.....................#.........#........
.....##.....................#.........#........
.....##.....................#.........#........
p.....#.....................#.........#........
#######...................###.........#........
......#####...............#...........#........
..........#...#############...........#........
..........#####.......................#........
......................................#........
......................................#........
......................................#........
......................................#........
......................................#........
......................................#........
......................................#........
......................................#........
......................................#........
......................................#........
......................................#.......e
......................................#....####
......................................##...#...
........................................####...
...............................................
...............................................
...............................................
...............................................
...............................................
...............................................

>>> Level modifiedlevel1:
Modifiedlevel1 generated...                 (1.128s)
...............................................
............................######.............
....###..................####....#.............
....#.#..................#.......#.............
....###..................#.......#.............
p....##........###########.......#.............
#######........#.................#.............
......#........#.................#.............
......#####....#.................#.............
..........######.................#.............
.................................#.............
.................................#.............
.................................#.............
.................................#.............
.................................#.............
.................................#.............
.................................#.............
.................................#.............
.................................#.............
.................................#.............
.................................#.............
.................................#.............
.................................#.............
.................................#.............
.................................#.............
.................................#............e
.................................#..........###
.................................############..
...............................................
...............................................

>>> Level modifiedlevel1:
23.856s
.......................................................................................
.......................................................................................
.......................................................................................
.......######..........................................................................
.......#....#..........................................................................
.......#....#..........................................................................
.......#....#..........................................................................
.......#....#........................................######################............
.......#....#........................................#....................#............
.......##...#........................................#....................#............
p.......#...#........................................#....................#............
#########...#########................................#....................#............
....................#................................#....................#............
....................#................................#....................#............
....................#................................#....................#............
....................#........................#########....................#............
....................#...........##############............................#............
....................#...........#.........................................#............
....................#...........#.........................................#............
....................#############.........................................#............
..........................................................................#............
..........................................................................#............
..........................................................................#............
..........................................................................#............
..........................................................................#............
..........................................................................#............
..........................................................................#............
..........................................................................#............
..........................................................................#............
..........................................................................#............
..........................................................................#............
..........................................................................#............
..........................................................................#............
..........................................................................#............
..........................................................................#............
..........................................................................#............
..........................................................................#............
..........................................................................#............
..........................................................................#............
..........................................................................#............
..........................................................................#...........e
..........................................................................#.........###
..........................................................................###########..
.......................................................................................
.......................................................................................
.......................................................................................
.......................................................................................
.......................................................................................
.......................................................................................
.......................................................................................
.......................................................................................
.......................................................................................
.......................................................................................
.......................................................................................
.......................................................................................
.......................................................................................
.......................................................................................
.......................................................................................
.......................................................................................
.......................................................................................

>>> Level modifiedlevel1:
22.403s
......................................................................................
.......................................................############...................
.......................................................#..........#...................
........######.........................................#..........#...................
........#....#.........................................#..........#...................
........#....#.........................................#..........#...................
........#....#.........................................#..........#...................
........#....#....................................######..........#...................
........#....########.............................#...............#...................
........##..........#.............................#...............#...................
p........#..........#.........#####################...............#...................
##########..........#.........#...................................#...................
....................#.........#...................................#...................
....................#.........#...................................#...................
....................###########...................................#...................
..................................................................#...................
..................................................................#...................
..................................................................#...................
..................................................................#...................
..................................................................#...................
..................................................................#...................
..................................................................#...................
..................................................................#...................
..................................................................#...................
..................................................................#...................
..................................................................#...................
..................................................................#...................
..................................................................#...................
..................................................................#...................
..................................................................#...................
..................................................................#...................
..................................................................#...................
..................................................................#...................
..................................................................#...................
..................................................................#...................
..................................................................#...................
..................................................................#...................
..................................................................#...................
..................................................................#...................
..................................................................#...................
..................................................................#...................
..................................................................#...................
..................................................................#...................
..................................................................#...................
..................................................................#...................
..................................................................#...................
..................................................................#...................
..................................................................#...................
..................................................................#...................
..................................................................#...................
..................................................................#...................
..................................................................#...................
..................................................................#...................
..................................................................#...................
..................................................................#...................
..................................................................#..................e
..................................................................#.................##
..................................................................###################.
......................................................................................
......................................................................................

>>> Level modifiedlevel2:
1.503s
.....................................
.....................................
.....................................
.....................................
.....................................
p....................................
####.................................
.....................................
.....................................
.....................................
.....................................
....................................e
..........................###########
.....................................
.....................................
.....................................
.....................................
.....................................
................##########.#.........
.........................###.........
.....................................
.....................................
.....................................
.....................................
.....................................
.....................................
................##...................
.................#...................
....##############...................
.....................................

>>> Level modifiedlevel2:
27.533s
................................................................
................................................................
................................................................
................................................................
................................................................
................................................................
................................................................
................................................................
................................................................
................................................................
p...............................................................
#################...............................................
................................................................
................................................................
................................................................
................................................................
................................................................
................................................................
................................................................
................................................................
................................................................
................................................................
................................................................
................................................................
................................................................
................................................................
................................................................
................................................................
................................................................
...............................................................e
.....................................................###########
................................................................
................................................................
................................................................
................................................................
................................................................
................................................................
........................#############################.#.........
....................................................###.........
................................................................
................................................................
................................................................
........................##......................................
.........................#......................................
.................#########......................................
................................................................
................................................................
................................................................
................................................................
................................................................
................................................................
................................................................
................................................................
................................................................
................................................................
................................................................
................................................................
................................................................
................................................................
................................................................
