Generation started...
    Level1 generated...                 (0.456s)
    Level2 generated...                 (0.824s)
Generation completed...                 (1.281s)

>>> Level level1:

##########
##########
##########
##########
##########
p.e#######
##########
##########
##########
##########

>>> Level level2:

##########
##########
##########
##########
##m#######
p..#######
##e#######
##########
##########
##########

Generation started...
    Level1 generated...                 (3.629s)
    Level2 generated...                 (6.879s)
Generation completed...                 (10.508s)

>>> Level level1:

###############
###############
###############
###############
###############
###############
###############
p.e############
###############
###############
###############
###############
###############
###############
###############

>>> Level level2:

###############
###############
###############
###############
###############
###############
####m##########
p....##########
####e##########
###############
###############
###############
###############
###############
###############

Generation started...
    Level1 generated...                 (18.954s)
    Level2 generated...                 (37.899s)
Generation completed...                 (56.853s)

>>> Level level1:

####################
####################
####################
####################
####################
####################
####################
####################
####################
####################
p..e################
####################
####################
####################
####################
####################
####################
####################
####################
####################

>>> Level level2:

####################
####################
####################
####################
####################
####################
####################
####################
####################
##m#################
p..#################
##e#################
####################
####################
####################
####################
####################
####################
####################
####################

