Generation started...
    Level1 generated...                 (0.85s)
    Level2 generated...                 (0.823s)
Generation completed...                 (1.683s)

>>> Level level1:

f.........f...f........
.......................
.......................
p.....................f
.......................
..............f.....f.f
.......................
.......................

>>> Level level2:

.................f..f......f
............................
............................
.................f..........
............................
............................
............................
............................
............................
............................
............................
............................
............................
.................f..........
............................
............................
............................
............................
f...........................
p...........................
............................
f.........f......f..........
............................
............................

Generation started...
    Level1 generated...                 (1.016s)
    Level2 generated...                 (1.594s)
Generation completed...                 (2.61s)

>>> Level level1:

f..............f.....f..........
................................
................................
................................
...............................f
p...............................
.....................f........ff
................................
................................
................................
................................
................................
................................

>>> Level level2:

...........................f..ff
...........................f....
................................
................................
................................
................................
................................
................................
................................
................................
................................
................................
................................
................................
................................
................................
...........................f....
................................
................................
................................
................................
................................
................................
f...............................
p...............................
................................
................................
................................
................................
f..............f...........f....
................................
................................

Generation started...
    Level1 generated...                 (0.894s)
    Level2 generated...                 (1.539s)
Generation completed...                 (2.437s)

>>> Level level1:

...................................
...................................
f..............f......f............
...................................
...................................
...................................
..................................f
p.....................f.......f...f
...................................
...................................
...................................
...................................
...................................
...................................
...................................

>>> Level level2:

...........................f..f.f
...........................f.....
.................................
.................................
.................................
.................................
.................................
.................................
.................................
.................................
.................................
.................................
.................................
.................................
.................................
.................................
...........................f.....
.................................
.................................
.................................
.................................
.................................
.................................
f................................
p................................
.................................
.................................
.................................
.................................
f..............f...........f.....
.................................
.................................

